2022/03/11 10:42:18 today: [March.11] report success.
2022/03/12 08:34:16 today: [March.12] report success.
2022/03/12 09:47:45 today: [March.12] report success.
2022/03/13 08:35:24 today: [March.13] report success.
2022/03/13 09:50:34 today: [March.13] report success.
2022/03/14 08:39:01 today: [March.14] report success.
2022/03/14 10:00:25 today: [March.14] report success.
2022/03/15 08:36:42 today: [March.15] report success.
2022/03/15 10:03:10 today: [March.15] report success.
2022/03/16 08:37:43 today: [March.16] report success.
2022/03/16 10:08:05 today: [March.16] report success.
2022/03/17 08:38:37 today: [March.17] report success.
2022/03/17 10:03:15 today: [March.17] report success.
2022/03/18 08:37:42 today: [March.18] report success.
2022/03/18 10:07:51 today: [March.18] report success.
2022/03/19 08:35:57 today: [March.19] report success.
2022/03/19 09:57:35 today: [March.19] report success.
2022/03/20 08:37:30 today: [March.20] report success.
2022/03/20 10:01:34 today: [March.20] report success.
2022/03/21 08:36:21 today: [March.21] report success.
2022/03/21 10:14:24 today: [March.21] report success.
2022/03/22 08:38:05 today: [March.22] report success.
2022/03/22 10:13:56 today: [March.22] report success.
2022/03/23 08:43:03 today: [March.23] report success.
2022/03/23 10:18:14 today: [March.23] report success.
2022/03/24 08:39:51 today: [March.24] report success.
2022/03/24 10:12:38 today: [March.24] report success.
2022/03/25 08:36:51 today: [March.25] report success.
2022/03/25 10:07:19 today: [March.25] report success.
2022/03/26 08:38:36 today: [March.26] report success.
2022/03/26 10:08:26 today: [March.26] report success.
2022/03/27 08:42:59 today: [March.27] report success.
2022/03/27 10:11:23 today: [March.27] report success.
2022/03/28 08:38:32 today: [March.28] report success.
2022/03/28 10:19:55 today: [March.28] report success.
2022/03/29 08:43:59 today: [March.29] report success.
2022/03/29 10:20:21 today: [March.29] report success.
2022/03/30 08:40:00 today: [March.30] report success.
2022/03/30 10:18:46 today: [March.30] report success.
2022/03/31 08:40:29 today: [March.31] report success.
2022/04/01 08:43:41 today: [April.1] report success.
2022/04/01 10:43:18 today: [April.1] report success.
2022/04/02 08:38:02 today: [April.2] report success.
2022/04/02 10:15:54 today: [April.2] report success.
2022/04/03 08:43:22 today: [April.3] report success.
2022/04/03 10:17:25 today: [April.3] report success.
2022/04/04 08:39:42 today: [April.4] report success.
2022/04/04 10:23:51 today: [April.4] report success.
2022/04/05 08:39:51 today: [April.5] report success.
2022/04/05 10:15:08 today: [April.5] report success.
2022/04/06 10:17:21 today: [April.6] report success.
2022/04/07 08:42:12 today: [April.7] report success.
2022/04/07 10:14:25 today: [April.7] report success.
2022/04/08 10:23:19 today: [April.8] report success.
2022/04/09 08:39:48 today: [April.9] report success.
2022/04/09 10:10:27 today: [April.9] report success.
2022/04/10 08:42:01 today: [April.10] report success.
2022/04/10 10:19:06 today: [April.10] report success.
2022/04/11 10:29:25 today: [April.11] report success.
2022/04/12 08:38:29 today: [April.12] report success.
2022/04/12 10:23:18 today: [April.12] report success.
2022/04/13 08:43:23 today: [April.13] report success.
2022/04/13 10:27:23 today: [April.13] report success.
2022/04/14 08:47:12 today: [April.14] report success.
2022/04/14 10:41:07 today: [April.14] report success.
2022/04/15 10:45:20 today: [April.15] report success.
2022/04/16 10:14:24 today: [April.16] report success.
2022/04/17 12:59:09 today: [April.17] report success.
2022/04/18 08:49:36 today: [April.18] report success.
2022/04/18 10:50:20 today: [April.18] report success.
2022/04/19 08:43:43 today: [April.19] report success.
2022/04/21 10:57:08 today: [April.21] report success.
2022/04/22 09:11:47 today: [April.22] report success.
2022/04/22 11:06:42 today: [April.22] report success.
2022/04/23 08:42:21 today: [April.23] report success.
2022/04/23 10:20:37 today: [April.23] report success.
2022/04/24 08:42:23 today: [April.24] report success.
2022/04/25 12:30:15 today: [April.25] report success.
2022/04/26 08:47:01 today: [April.26] report success.
2022/04/26 10:56:26 today: [April.26] report success.
2022/04/27 08:55:10 today: [April.27] report success.
2022/04/27 11:08:12 today: [April.27] report success.
2022/04/28 09:03:31 today: [April.28] report success.
2022/04/28 11:48:52 today: [April.28] report success.
2022/04/29 08:45:45 today: [April.29] report success.
2022/04/29 10:58:28 today: [April.29] report success.
2022/04/30 08:49:29 today: [April.30] report success.
2022/04/30 10:50:50 today: [April.30] report success.
2022/05/01 08:56:23 today: [May.1] report success.
2022/05/01 11:11:17 today: [May.1] report success.
2022/05/02 08:46:25 today: [May.2] report success.
2022/05/02 11:20:45 today: [May.2] report success.
2022/05/03 08:46:04 today: [May.3] report success.
2022/05/03 10:56:53 today: [May.3] report success.
2022/05/04 08:48:28 today: [May.4] report success.
2022/05/04 10:57:24 today: [May.4] report success.
2022/05/05 08:48:37 today: [May.5] report success.
2022/05/05 10:51:29 today: [May.5] report success.
2022/05/06 08:42:07 today: [May.6] report success.
2022/05/06 10:24:58 today: [May.6] report success.
2022/05/07 08:42:44 today: [May.7] report success.
2022/05/07 10:19:54 today: [May.7] report success.
2022/05/08 08:44:08 today: [May.8] report success.
2022/05/08 10:38:06 today: [May.8] report success.
2022/05/09 08:48:28 today: [May.9] report success.
2022/05/09 10:53:17 today: [May.9] report success.
2022/05/10 08:45:03 today: [May.10] report success.
2022/05/10 10:09:52 today: [May.10] report success.
2022/05/11 08:53:37 today: [May.11] report success.
2022/05/11 10:53:36 today: [May.11] report success.
2022/05/12 08:49:18 today: [May.12] report success.
2022/05/12 10:48:42 today: [May.12] report success.
2022/05/13 08:56:11 today: [May.13] report success.
2022/05/13 11:10:46 today: [May.13] report success.
2022/05/14 08:56:03 today: [May.14] report success.
2022/05/14 11:20:59 today: [May.14] report success.
2022/05/15 08:58:28 today: [May.15] report success.
2022/05/15 10:53:00 today: [May.15] report success.
2022/05/16 08:51:47 today: [May.16] report success.
2022/05/16 10:29:49 today: [May.16] report success.
2022/05/17 08:47:16 today: [May.17] report success.
2022/05/17 10:55:49 today: [May.17] report success.
2022/05/18 08:39:47 today: [May.18] report success.
2022/05/18 10:33:42 today: [May.18] report success.
2022/05/19 08:56:07 today: [May.19] report success.
2022/05/20 11:58:36 today: [May.20] report success.
2022/05/21 08:42:24 today: [May.21] report success.
2022/05/21 10:07:32 today: [May.21] report success.
2022/05/22 08:46:11 today: [May.22] report success.
2022/05/23 08:46:24 today: [May.23] report success.
2022/05/23 10:51:36 today: [May.23] report success.
2022/05/24 08:52:16 today: [May.24] report success.
2022/05/24 10:57:00 today: [May.24] report success.
2022/05/25 08:51:11 today: [May.25] report success.
2022/05/25 10:53:28 today: [May.25] report success.
2022/05/26 08:51:18 today: [May.26] report success.
2022/05/26 10:58:33 today: [May.26] report success.
2022/05/27 08:46:37 today: [May.27] report success.
2022/05/27 10:58:58 today: [May.27] report success.
2022/05/28 08:48:58 today: [May.28] report success.
2022/05/28 10:40:26 today: [May.28] report success.
2022/05/29 08:51:02 today: [May.29] report success.
2022/05/29 11:02:12 today: [May.29] report success.
2022/05/30 08:54:00 today: [May.30] report success.
2022/05/30 11:04:00 today: [May.30] report success.
2022/05/31 08:47:21 today: [May.31] report success.
2022/05/31 10:55:32 today: [May.31] report success.
2022/06/01 08:56:18 today: [June.1] report success.
2022/06/02 08:54:47 today: [June.2] report success.
2022/06/02 11:07:58 today: [June.2] report success.
2022/06/03 08:40:41 today: [June.3] report success.
2022/06/03 10:31:51 today: [June.3] report success.
2022/06/04 08:45:22 today: [June.4] report success.
2022/06/04 10:28:52 today: [June.4] report success.
2022/06/05 08:53:05 today: [June.5] report success.
2022/06/05 10:46:28 today: [June.5] report success.
2022/06/06 08:50:42 today: [June.6] report success.
2022/06/06 10:51:55 today: [June.6] report success.
2022/06/07 08:40:17 today: [June.7] report success.
2022/06/07 10:33:40 today: [June.7] report success.
2022/06/08 08:46:25 today: [June.8] report success.
2022/06/08 10:54:12 today: [June.8] report success.
2022/06/09 08:48:54 today: [June.9] report success.
2022/06/09 10:54:42 today: [June.9] report success.
2022/06/10 08:50:35 today: [June.10] report success.
2022/06/10 10:53:28 today: [June.10] report success.
2022/06/11 08:45:41 today: [June.11] report success.
2022/06/11 10:43:17 today: [June.11] report success.
2022/06/12 08:48:56 today: [June.12] report success.
2022/06/12 10:59:16 today: [June.12] report success.
2022/06/13 08:51:11 today: [June.13] report success.
2022/06/13 10:59:22 today: [June.13] report success.
2022/06/14 08:57:10 today: [June.14] report success.
2022/06/14 11:10:57 today: [June.14] report success.
2022/06/15 08:51:36 today: [June.15] report success.
2022/06/15 11:04:09 today: [June.15] report success.
2022/06/16 08:50:45 today: [June.16] report success.
2022/06/16 10:55:43 today: [June.16] report success.
2022/06/17 08:44:52 today: [June.17] report success.
2022/06/17 10:50:52 today: [June.17] report success.
2022/06/18 08:50:24 today: [June.18] report success.
2022/06/18 10:54:30 today: [June.18] report success.
2022/06/19 08:50:49 today: [June.19] report success.
2022/06/19 11:08:33 today: [June.19] report success.
2022/06/20 08:50:07 today: [June.20] report success.
2022/06/20 10:50:20 today: [June.20] report success.
2022/06/21 08:50:57 today: [June.21] report success.
2022/06/21 10:59:27 today: [June.21] report success.
2022/06/22 08:55:30 today: [June.22] report success.
2022/06/22 11:02:04 today: [June.22] report success.
2022/06/23 08:43:30 today: [June.23] report success.
2022/06/23 10:55:25 today: [June.23] report success.
2022/06/24 08:50:03 today: [June.24] report success.
2022/06/24 11:06:32 today: [June.24] report success.
2022/06/26 15:59:05 today: [June.26] report success.
2022/06/27 08:55:08 today: [June.27] report success.
2022/06/27 11:10:01 today: [June.27] report success.
2022/06/28 08:53:21 today: [June.28] report success.
2022/06/28 11:05:30 today: [June.28] report success.
2022/06/29 08:53:27 today: [June.29] report success.
2022/06/29 11:13:18 today: [June.29] report success.
2022/06/30 08:49:14 today: [June.30] report success.
2022/06/30 11:07:40 today: [June.30] report success.
2022/07/01 08:56:22 today: [July.1] report success.
2022/07/01 11:24:03 today: [July.1] report success.
2022/07/02 08:51:31 today: [July.2] report success.
2022/07/02 11:08:07 today: [July.2] report success.
2022/07/03 08:55:34 today: [July.3] report success.
2022/07/03 11:04:13 today: [July.3] report success.
2022/07/04 08:56:43 today: [July.4] report success.
2022/07/04 11:14:24 today: [July.4] report success.
2022/07/05 08:52:32 today: [July.5] report success.
2022/07/05 11:10:23 today: [July.5] report success.
2022/07/06 08:55:23 today: [July.6] report success.
2022/07/06 11:16:33 today: [July.6] report success.
2022/07/07 08:55:43 today: [July.7] report success.
2022/07/07 11:15:42 today: [July.7] report success.
2022/07/08 08:55:23 today: [July.8] report success.
2022/07/08 11:06:58 today: [July.8] report success.
2022/07/09 08:44:19 today: [July.9] report success.
2022/07/09 10:45:55 today: [July.9] report success.
2022/07/10 08:57:48 today: [July.10] report success.
2022/07/10 11:09:38 today: [July.10] report success.
2022/07/11 08:52:25 today: [July.11] report success.
2022/07/11 11:04:27 today: [July.11] report success.
2022/07/12 08:55:50 today: [July.12] report success.
2022/07/12 11:20:40 today: [July.12] report success.
2022/07/13 08:52:02 today: [July.13] report success.
2022/07/13 11:08:20 today: [July.13] report success.
2022/07/14 08:55:44 today: [July.14] report success.
2022/07/14 11:18:28 today: [July.14] report success.
2022/07/15 08:59:07 today: [July.15] report success.
2022/07/15 11:23:27 today: [July.15] report success.
2022/07/16 08:54:25 today: [July.16] report success.
2022/07/16 10:58:48 today: [July.16] report success.
2022/07/17 08:56:02 today: [July.17] report success.
2022/07/17 11:12:01 today: [July.17] report success.
2022/07/18 08:52:26 today: [July.18] report success.
2022/07/18 11:06:07 today: [July.18] report success.
2022/07/19 08:57:50 today: [July.19] report success.
2022/07/19 11:25:32 today: [July.19] report success.
2022/07/20 08:51:54 today: [July.20] report success.
2022/07/20 11:06:59 today: [July.20] report success.
2022/07/21 08:55:49 today: [July.21] report success.
2022/07/21 11:08:52 today: [July.21] report success.
2022/07/22 08:56:38 today: [July.22] report success.
2022/07/22 11:15:52 today: [July.22] report success.
2022/07/23 08:53:27 today: [July.23] report success.
2022/07/23 11:02:42 today: [July.23] report success.
2022/07/24 08:57:21 today: [July.24] report success.
2022/07/24 11:10:55 today: [July.24] report success.
2022/07/25 08:54:41 today: [July.25] report success.
